<?xml version="1.0" encoding="UTF-8"?>
<!-- Generated by org.testng.reporters.JUnitReportReporter -->
<testsuite skipped="0" hostname="DESKTOP-T36K6HM" name="org.academy.web.tests.ActionTest" tests="1" failures="0" timestamp="2020-05-26T16:09:38 EEST" time="36.889" errors="0">
  <testcase name="getHash" time="36.889" classname="org.academy.web.tests.ActionTest"/>
  <system-out/>
</testsuite> <!-- org.academy.web.tests.ActionTest -->
