<?xml version="1.0" encoding="UTF-8"?>
<!-- Generated by org.testng.reporters.JUnitReportReporter -->
<testsuite skipped="0" hostname="DESKTOP-T36K6HM" name="org.academy.web.tests.LoginTest" tests="7" failures="0" timestamp="2020-05-26T16:09:38 EEST" time="28.987" errors="0">
  <testcase name="negativeLoginTest" time="3.602" classname="org.academy.web.tests.LoginTest"/>
  <system-out/>
  <testcase name="negativeLoginTest" time="4.579" classname="org.academy.web.tests.LoginTest"/>
  <system-out/>
  <testcase name="negativeLoginTest" time="6.634" classname="org.academy.web.tests.LoginTest"/>
  <system-out/>
  <testcase name="negativeLoginTest" time="3.799" classname="org.academy.web.tests.LoginTest"/>
  <system-out/>
  <testcase name="negativeLoginTest" time="3.149" classname="org.academy.web.tests.LoginTest"/>
  <system-out/>
  <testcase name="negativeLoginTest" time="3.111" classname="org.academy.web.tests.LoginTest"/>
  <system-out/>
  <testcase name="positiveLoginTest" time="4.113" classname="org.academy.web.tests.LoginTest"/>
  <system-out/>
</testsuite> <!-- org.academy.web.tests.LoginTest -->
