<?xml version="1.0" encoding="UTF-8"?>
<!-- Generated by org.testng.reporters.JUnitReportReporter -->
<testsuite skipped="0" hostname="DESKTOP-T36K6HM" name="org.academy.web.tests.SearchFileTest" tests="1" failures="0" timestamp="2020-05-26T16:09:38 EEST" time="29.757" errors="0">
  <testcase name="fileContentTest" time="29.757" classname="org.academy.web.tests.SearchFileTest"/>
  <system-out/>
</testsuite> <!-- org.academy.web.tests.SearchFileTest -->
